{
  "gherkin_reports": "[[{\"id\":\"профиль\",\"keyword\":\"Feature\",\"line\":1,\"name\":\"Профиль\",\"uri\":\"/Users/voronin/flutter-elementary-test/examples/profile/./integration_test/features/profile.feature\",\"elements\":[{\"keyword\":\"Scenario\",\"type\":\"scenario\",\"id\":\"профиль;успешное заполнение профиля\",\"name\":\"Успешное заполнение профиля\",\"line\":1,\"status\":\"failed\",\"steps\":[{\"keyword\":\"Когда \",\"name\":\"Я перехожу к редактированию профиля\",\"line\":1,\"match\":{\"location\":\":1\"},\"result\":{\"status\":\"passed\",\"duration\":206000000}},{\"keyword\":\"И \",\"name\":\"Я указываю фамилию \\\"Semenikhina\\\"\",\"line\":1,\"match\":{\"location\":\":1\"},\"result\":{\"status\":\"passed\",\"duration\":1341000000}},{\"keyword\":\"И \",\"name\":\"Я указываю дату рождения \\\"1998-11-14\\\"\",\"line\":1,\"match\":{\"location\":\":1\"},\"result\":{\"status\":\"passed\",\"duration\":433000000}},{\"keyword\":\"И \",\"name\":\"Я указываю имя \\\"Daria\\\"\",\"line\":1,\"match\":{\"location\":\":1\"},\"result\":{\"status\":\"passed\",\"duration\":436000000}},{\"keyword\":\"И \",\"name\":\"Я указываю отчество \\\"Evgenevna\\\"\",\"line\":1,\"match\":{\"location\":\":1\"},\"result\":{\"status\":\"passed\",\"duration\":391000000}},{\"keyword\":\"И \",\"name\":\"Я перехожу далее\",\"line\":1,\"match\":{\"location\":\":1\"},\"result\":{\"status\":\"passed\",\"duration\":503000000}},{\"keyword\":\"И \",\"name\":\"Я выбираю город \\\"Voronezh\\\"\",\"line\":1,\"match\":{\"location\":\":1\"},\"result\":{\"status\":\"passed\",\"duration\":135000000}},{\"keyword\":\"И \",\"name\":\"Я перехожу далее\",\"line\":1,\"match\":{\"location\":\":1\"},\"result\":{\"status\":\"passed\",\"duration\":753000000}},{\"keyword\":\"И \",\"name\":\"Я выбираю \\\"Sleep\\\" из интересов\",\"line\":1,\"match\":{\"location\":\":1\"},\"result\":{\"status\":\"passed\",\"duration\":717000000}},{\"keyword\":\"И \",\"name\":\"Я перехожу далее\",\"line\":1,\"match\":{\"location\":\":1\"},\"result\":{\"status\":\"passed\",\"duration\":494000000}},{\"keyword\":\"И \",\"name\":\"Я заполняю заметку о себе \\\"Тестовая заметка о себе\\\"\",\"line\":1,\"match\":{\"location\":\":1\"},\"result\":{\"status\":\"passed\",\"duration\":277000000}},{\"keyword\":\"И \",\"name\":\"Я сохраняю данные\",\"line\":1,\"match\":{\"location\":\":1\"},\"result\":{\"status\":\"passed\",\"duration\":934000000}},{\"keyword\":\"И \",\"name\":\"Я перехожу к редактированию профиля\",\"line\":1,\"match\":{\"location\":\":1\"},\"result\":{\"status\":\"failed\",\"duration\":0,\"error_message\":\"GherkinStepNotDefinedException: Step definition not found for text: `И Я вижу заполненное поле даты рождения`\\n\\n#0      GherkinIntegrationTestRunner.runStep (package:flutter_gherkin/src/flutter/runners/gherkin_integration_test_runner.dart:337:9)\\n#1      _CustomGherkinIntegrationTestRunner.testFeature0.<anonymous closure>.<anonymous closure> (file:///D:/dev/qa-summer-school-23/examples/profile/integration_test/gherkin_suite_test.g.dart:213:28)\\n#2      _CustomGherkinIntegrationTestRunner.testFeature0.<anonymous closure>.<anonymous closure> (file:///D:/dev/qa-summer-school-23/examples/profile/integration_test/gherkin_suite_test.g.dart:209:13)\\n#3      GherkinIntegrationTestRunner.runScenario.<anonymous closure> (package:flutter_gherkin/src/flutter/runners/gherkin_integration_test_runner.dart:224:46)\\n<asynchronous suspension>\\n#4      testWidgets.<anonymous closure>.<anonymous closure> (package:flutter_test/src/widget_tester.dart:170:15)\\n<asynchronous suspension>\\n#5      TestWidgetsFlutterBinding._runTestBody (package:flutter_test/src/binding.dart:833:5)\\n<asynchronous suspension>\\n\"}},{\"keyword\":\"Когда \",\"name\":\"Я перехожу далее\",\"line\":1,\"match\":{\"location\":\":1\"},\"result\":{\"status\":\"failed\",\"duration\":0,\"error_message\":\"GherkinStepNotDefinedException: Step definition not found for text: `Тогда Я вижу заполненное поле города`\\n\\n#0      GherkinIntegrationTestRunner.runStep (package:flutter_gherkin/src/flutter/runners/gherkin_integration_test_runner.dart:337:9)\\n#1      _CustomGherkinIntegrationTestRunner.testFeature0.<anonymous closure>.<anonymous closure> (file:///D:/dev/qa-summer-school-23/examples/profile/integration_test/gherkin_suite_test.g.dart:237:28)\\n#2      _CustomGherkinIntegrationTestRunner.testFeature0.<anonymous closure>.<anonymous closure> (file:///D:/dev/qa-summer-school-23/examples/profile/integration_test/gherkin_suite_test.g.dart:233:13)\\n#3      GherkinIntegrationTestRunner.runScenario.<anonymous closure> (package:flutter_gherkin/src/flutter/runners/gherkin_integration_test_runner.dart:224:46)\\n<asynchronous suspension>\\n#4      testWidgets.<anonymous closure>.<anonymous closure> (package:flutter_test/src/widget_tester.dart:170:15)\\n<asynchronous suspension>\\n#5      TestWidgetsFlutterBinding._runTestBody (package:flutter_test/src/binding.dart:833:5)\\n<asynchronous suspension>\\n\"}},{\"keyword\":\"Когда \",\"name\":\"Я перехожу далее\",\"line\":1,\"match\":{\"location\":\":1\"},\"result\":{\"status\":\"failed\",\"duration\":0,\"error_message\":\"GherkinStepNotDefinedException: Step definition not found for text: `Тогда Я вижу выбранные интересы`\\n\\n#0      GherkinIntegrationTestRunner.runStep (package:flutter_gherkin/src/flutter/runners/gherkin_integration_test_runner.dart:337:9)\\n#1      _CustomGherkinIntegrationTestRunner.testFeature0.<anonymous closure>.<anonymous closure> (file:///D:/dev/qa-summer-school-23/examples/profile/integration_test/gherkin_suite_test.g.dart:261:28)\\n#2      _CustomGherkinIntegrationTestRunner.testFeature0.<anonymous closure>.<anonymous closure> (file:///D:/dev/qa-summer-school-23/examples/profile/integration_test/gherkin_suite_test.g.dart:257:13)\\n#3      GherkinIntegrationTestRunner.runScenario.<anonymous closure> (package:flutter_gherkin/src/flutter/runners/gherkin_integration_test_runner.dart:224:46)\\n<asynchronous suspension>\\n#4      testWidgets.<anonymous closure>.<anonymous closure> (package:flutter_test/src/widget_tester.dart:170:15)\\n<asynchronous suspension>\\n#5      TestWidgetsFlutterBinding._runTestBody (package:flutter_test/src/binding.dart:833:5)\\n<asynchronous suspension>\\n\"}},{\"keyword\":\"Когда \",\"name\":\"Я перехожу далее\",\"line\":1,\"match\":{\"location\":\":1\"},\"result\":{\"status\":\"failed\",\"duration\":0,\"error_message\":\"GherkinStepNotDefinedException: Step definition not found for text: `Тогда Я вижу заполненное поле заметки о себе`\\n\\n#0      GherkinIntegrationTestRunner.runStep (package:flutter_gherkin/src/flutter/runners/gherkin_integration_test_runner.dart:337:9)\\n#1      _CustomGherkinIntegrationTestRunner.testFeature0.<anonymous closure>.<anonymous closure> (file:///D:/dev/qa-summer-school-23/examples/profile/integration_test/gherkin_suite_test.g.dart:285:28)\\n#2      _CustomGherkinIntegrationTestRunner.testFeature0.<anonymous closure>.<anonymous closure> (file:///D:/dev/qa-summer-school-23/examples/profile/integration_test/gherkin_suite_test.g.dart:281:13)\\n#3      GherkinIntegrationTestRunner.runScenario.<anonymous closure> (package:flutter_gherkin/src/flutter/runners/gherkin_integration_test_runner.dart:224:46)\\n<asynchronous suspension>\\n#4      testWidgets.<anonymous closure>.<anonymous closure> (package:flutter_test/src/widget_tester.dart:170:15)\\n<asynchronous suspension>\\n#5      TestWidgetsFlutterBinding._runTestBody (package:flutter_test/src/binding.dart:833:5)\\n<asynchronous suspension>\\n\"}}]}]}]]"
}